<?xml version="1.0" encoding="UTF-8"?>
<!-- Generated by org.testng.reporters.JUnitReportReporter -->
<testsuite hostname="Pc" name="TestFramework.basics2" tests="1" failures="0" timestamp="13 Oct 2019 16:54:54 GMT" time="7.209" errors="0">
  <testcase name="createPlaceAPI" time="7.209" classname="TestFramework.basics2"/>
</testsuite>
