<?xml version="1.0" encoding="UTF-8"?>
<!-- Generated by org.testng.reporters.JUnitReportReporter -->
<testsuite hostname="Pc" name="TestFramework.basics" tests="1" failures="0" timestamp="13 Oct 2019 16:49:01 GMT" time="7.456" errors="0">
  <testcase name="getPlaceAPI" time="7.456" classname="TestFramework.basics"/>
</testsuite>
