<?xml version="1.0" encoding="UTF-8"?>
<!-- Generated by org.testng.reporters.JUnitReportReporter -->
<testsuite hostname="Pc" name="TestFramework.basics4" tests="1" failures="0" timestamp="14 Oct 2019 09:46:37 GMT" time="7.848" errors="0">
  <testcase name="postDataXML" time="7.848" classname="TestFramework.basics4"/>
</testsuite>
