<?xml version="1.0" encoding="UTF-8"?>
<!-- Generated by org.testng.reporters.JUnitReportReporter -->
<testsuite hostname="Pc" name="TestFramework.basics3" tests="1" failures="0" timestamp="13 Oct 2019 20:28:32 GMT" time="5.740" errors="0">
  <testcase name="AddandDeletePlace" time="5.740" classname="TestFramework.basics3"/>
</testsuite>
