<?xml version="1.0" encoding="UTF-8"?>
<!-- Generated by org.testng.reporters.JUnitReportReporter -->
<testsuite hostname="Pc" name="TestFramework.basics5" tests="1" failures="0" timestamp="14 Oct 2019 09:51:34 GMT" time="6.787" errors="0">
  <testcase name="extractingNamesAPI" time="6.787" classname="TestFramework.basics5"/>
</testsuite>
