<?xml version="1.0" encoding="UTF-8"?>
<!-- Generated by org.testng.reporters.JUnitReportReporter -->
<testsuite hostname="Pc" name="TestFramework.basics5" tests="1" failures="0" timestamp="14 Oct 2019 11:54:49 GMT" time="3.492" errors="0">
  <testcase name="extractingNamesAPI" time="3.492" classname="TestFramework.basics5"/>
</testsuite>
