<?xml version="1.0" encoding="UTF-8"?>
<!-- Generated by org.testng.reporters.JUnitReportReporter -->
<testsuite hostname="Pc" name="TestFramework.basics4" tests="1" failures="0" timestamp="14 Oct 2019 11:54:50 GMT" time="1.873" errors="0">
  <testcase name="postDataXML" time="1.873" classname="TestFramework.basics4"/>
</testsuite>
