<?xml version="1.0" encoding="UTF-8"?>
<!-- Generated by org.testng.reporters.JUnitReportReporter -->
<testsuite hostname="Pc" name="TestFramework.basics" tests="1" failures="0" timestamp="14 Oct 2019 11:54:49 GMT" time="14.483" errors="0">
  <testcase name="getPlaceAPI" time="14.483" classname="TestFramework.basics"/>
</testsuite>
